2014-12-15 11:53:20,742 CRIT Supervisor running as root (no user in config file)
2014-12-15 11:53:20,743 INFO supervisord started with pid 8
2014-12-15 11:53:21,746 INFO spawned: 'nginx' with pid 11
2014-12-15 11:53:21,748 INFO spawned: 'php5-fpm' with pid 12
2014-12-15 11:53:22,773 INFO success: nginx entered RUNNING state, process has stayed up for > than 1 seconds (startsecs)
2014-12-15 11:53:22,773 INFO success: php5-fpm entered RUNNING state, process has stayed up for > than 1 seconds (startsecs)
2014-12-15 11:53:52,186 WARN received SIGINT indicating exit request
2014-12-15 11:53:52,187 INFO waiting for nginx, php5-fpm to die
2014-12-15 11:53:52,193 INFO stopped: php5-fpm (exit status 0)
2014-12-15 11:53:52,196 INFO stopped: nginx (exit status 0)
2014-12-15 11:54:24,344 CRIT Supervisor running as root (no user in config file)
2014-12-15 11:54:24,346 INFO supervisord started with pid 7
2014-12-15 11:54:25,349 INFO spawned: 'nginx' with pid 10
2014-12-15 11:54:25,351 INFO spawned: 'php5-fpm' with pid 11
2014-12-15 11:54:26,374 INFO success: nginx entered RUNNING state, process has stayed up for > than 1 seconds (startsecs)
2014-12-15 11:54:26,374 INFO success: php5-fpm entered RUNNING state, process has stayed up for > than 1 seconds (startsecs)
2014-12-15 11:55:13,810 WARN received SIGINT indicating exit request
2014-12-15 11:55:13,811 INFO waiting for nginx, php5-fpm to die
2014-12-15 11:55:13,817 INFO stopped: php5-fpm (exit status 0)
2014-12-15 11:55:13,819 INFO stopped: nginx (exit status 0)
2014-12-15 11:57:14,240 CRIT Supervisor running as root (no user in config file)
2014-12-15 11:57:14,241 INFO supervisord started with pid 7
2014-12-15 11:57:15,243 INFO spawned: 'nginx' with pid 10
2014-12-15 11:57:15,244 INFO spawned: 'php5-fpm' with pid 11
2014-12-15 11:57:16,267 INFO success: nginx entered RUNNING state, process has stayed up for > than 1 seconds (startsecs)
2014-12-15 11:57:16,267 INFO success: php5-fpm entered RUNNING state, process has stayed up for > than 1 seconds (startsecs)
2014-12-15 11:57:58,729 WARN received SIGINT indicating exit request
2014-12-15 11:57:58,730 INFO waiting for nginx, php5-fpm to die
2014-12-15 11:57:58,736 INFO stopped: php5-fpm (exit status 0)
2014-12-15 11:57:58,738 INFO stopped: nginx (exit status 0)
2014-12-15 12:00:07,103 CRIT Supervisor running as root (no user in config file)
2014-12-15 12:00:07,104 INFO supervisord started with pid 7
2014-12-15 12:00:08,107 INFO spawned: 'nginx' with pid 10
2014-12-15 12:00:08,110 INFO spawned: 'php5-fpm' with pid 11
2014-12-15 12:00:09,133 INFO success: nginx entered RUNNING state, process has stayed up for > than 1 seconds (startsecs)
2014-12-15 12:00:09,133 INFO success: php5-fpm entered RUNNING state, process has stayed up for > than 1 seconds (startsecs)
2014-12-15 12:01:28,635 WARN received SIGINT indicating exit request
2014-12-15 12:01:28,636 INFO waiting for nginx, php5-fpm to die
2014-12-15 12:01:28,644 INFO stopped: php5-fpm (exit status 0)
2014-12-15 12:01:28,646 INFO stopped: nginx (exit status 0)
2014-12-15 12:01:44,564 CRIT Supervisor running as root (no user in config file)
2014-12-15 12:01:44,566 INFO supervisord started with pid 9
2014-12-15 12:01:45,568 INFO spawned: 'nginx' with pid 12
2014-12-15 12:01:45,568 INFO spawned: 'php5-fpm' with pid 13
2014-12-15 12:01:46,598 INFO success: nginx entered RUNNING state, process has stayed up for > than 1 seconds (startsecs)
2014-12-15 12:01:46,598 INFO success: php5-fpm entered RUNNING state, process has stayed up for > than 1 seconds (startsecs)
2014-12-15 12:02:45,929 WARN received SIGINT indicating exit request
2014-12-15 12:02:45,929 INFO waiting for nginx, php5-fpm to die
2014-12-15 12:02:45,932 INFO stopped: php5-fpm (exit status 0)
2014-12-15 12:02:45,936 INFO stopped: nginx (exit status 0)
2014-12-15 12:03:01,147 CRIT Supervisor running as root (no user in config file)
2014-12-15 12:03:01,149 INFO supervisord started with pid 7
2014-12-15 12:03:02,152 INFO spawned: 'nginx' with pid 10
2014-12-15 12:03:02,154 INFO spawned: 'php5-fpm' with pid 11
2014-12-15 12:03:03,173 INFO success: nginx entered RUNNING state, process has stayed up for > than 1 seconds (startsecs)
2014-12-15 12:03:03,174 INFO success: php5-fpm entered RUNNING state, process has stayed up for > than 1 seconds (startsecs)
2014-12-15 12:03:35,272 WARN received SIGINT indicating exit request
2014-12-15 12:03:35,273 INFO waiting for nginx, php5-fpm to die
2014-12-15 12:03:35,275 INFO stopped: php5-fpm (exit status 0)
2014-12-15 12:03:35,277 INFO stopped: nginx (exit status 0)
2014-12-15 12:03:54,380 CRIT Supervisor running as root (no user in config file)
2014-12-15 12:03:54,382 INFO supervisord started with pid 8
2014-12-15 12:03:55,383 INFO spawned: 'nginx' with pid 11
2014-12-15 12:03:55,384 INFO spawned: 'php5-fpm' with pid 12
2014-12-15 12:03:56,409 INFO success: nginx entered RUNNING state, process has stayed up for > than 1 seconds (startsecs)
2014-12-15 12:03:56,409 INFO success: php5-fpm entered RUNNING state, process has stayed up for > than 1 seconds (startsecs)
2014-12-15 12:08:11,417 WARN received SIGINT indicating exit request
2014-12-15 12:08:11,417 INFO waiting for nginx, php5-fpm to die
2014-12-15 12:08:11,420 INFO stopped: php5-fpm (exit status 0)
2014-12-15 12:08:11,423 INFO stopped: nginx (exit status 0)
2014-12-15 12:08:26,835 CRIT Supervisor running as root (no user in config file)
2014-12-15 12:08:26,836 INFO supervisord started with pid 11
2014-12-15 12:08:27,839 INFO spawned: 'nginx' with pid 14
2014-12-15 12:08:27,842 INFO spawned: 'php5-fpm' with pid 15
2014-12-15 12:08:28,864 INFO success: nginx entered RUNNING state, process has stayed up for > than 1 seconds (startsecs)
2014-12-15 12:08:28,864 INFO success: php5-fpm entered RUNNING state, process has stayed up for > than 1 seconds (startsecs)
2014-12-15 12:10:17,779 WARN received SIGINT indicating exit request
2014-12-15 12:10:17,780 INFO waiting for nginx, php5-fpm to die
2014-12-15 12:10:17,788 INFO stopped: php5-fpm (exit status 0)
2014-12-15 12:10:17,790 INFO stopped: nginx (exit status 0)
2014-12-15 12:10:35,422 CRIT Supervisor running as root (no user in config file)
2014-12-15 12:10:35,424 INFO supervisord started with pid 10
2014-12-15 12:10:36,427 INFO spawned: 'nginx' with pid 13
2014-12-15 12:10:36,429 INFO spawned: 'php5-fpm' with pid 14
2014-12-15 12:10:37,457 INFO success: nginx entered RUNNING state, process has stayed up for > than 1 seconds (startsecs)
2014-12-15 12:10:37,458 INFO success: php5-fpm entered RUNNING state, process has stayed up for > than 1 seconds (startsecs)
2014-12-15 12:11:07,425 WARN received SIGINT indicating exit request
2014-12-15 12:11:07,425 INFO waiting for nginx, php5-fpm to die
2014-12-15 12:11:07,428 INFO stopped: php5-fpm (exit status 0)
2014-12-15 12:11:07,433 INFO stopped: nginx (exit status 0)
2014-12-15 12:11:19,830 CRIT Supervisor running as root (no user in config file)
2014-12-15 12:11:19,831 INFO supervisord started with pid 7
2014-12-15 12:11:20,834 INFO spawned: 'nginx' with pid 10
2014-12-15 12:11:20,836 INFO spawned: 'php5-fpm' with pid 11
2014-12-15 12:11:21,858 INFO success: nginx entered RUNNING state, process has stayed up for > than 1 seconds (startsecs)
2014-12-15 12:11:21,858 INFO success: php5-fpm entered RUNNING state, process has stayed up for > than 1 seconds (startsecs)
2014-12-15 12:11:56,868 WARN received SIGINT indicating exit request
2014-12-15 12:11:56,868 INFO waiting for nginx, php5-fpm to die
2014-12-15 12:11:56,876 INFO stopped: php5-fpm (exit status 0)
2014-12-15 12:11:56,879 INFO stopped: nginx (exit status 0)
2014-12-15 12:12:11,036 CRIT Supervisor running as root (no user in config file)
2014-12-15 12:12:11,037 INFO supervisord started with pid 9
2014-12-15 12:12:12,039 INFO spawned: 'nginx' with pid 12
2014-12-15 12:12:12,040 INFO spawned: 'php5-fpm' with pid 13
2014-12-15 12:12:13,064 INFO success: nginx entered RUNNING state, process has stayed up for > than 1 seconds (startsecs)
2014-12-15 12:12:13,064 INFO success: php5-fpm entered RUNNING state, process has stayed up for > than 1 seconds (startsecs)
2014-12-15 12:12:33,641 WARN received SIGINT indicating exit request
2014-12-15 12:12:33,641 INFO waiting for nginx, php5-fpm to die
2014-12-15 12:12:33,645 INFO stopped: php5-fpm (exit status 0)
2014-12-15 12:12:33,647 INFO stopped: nginx (exit status 0)
2014-12-15 12:16:53,293 CRIT Supervisor running as root (no user in config file)
2014-12-15 12:16:53,295 INFO supervisord started with pid 9
2014-12-15 12:16:54,297 INFO spawned: 'nginx' with pid 12
2014-12-15 12:16:54,300 INFO spawned: 'php5-fpm' with pid 13
2014-12-15 12:16:55,323 INFO success: nginx entered RUNNING state, process has stayed up for > than 1 seconds (startsecs)
2014-12-15 12:16:55,323 INFO success: php5-fpm entered RUNNING state, process has stayed up for > than 1 seconds (startsecs)
2014-12-15 12:17:07,612 WARN received SIGINT indicating exit request
2014-12-15 12:17:07,612 INFO waiting for nginx, php5-fpm to die
2014-12-15 12:17:07,622 INFO stopped: php5-fpm (exit status 0)
2014-12-15 12:17:07,626 INFO stopped: nginx (exit status 0)
2014-12-15 12:17:37,657 CRIT Supervisor running as root (no user in config file)
2014-12-15 12:17:37,659 INFO supervisord started with pid 11
2014-12-15 12:17:38,661 INFO spawned: 'nginx' with pid 14
2014-12-15 12:17:38,662 INFO spawned: 'php5-fpm' with pid 15
2014-12-15 12:17:39,678 INFO success: nginx entered RUNNING state, process has stayed up for > than 1 seconds (startsecs)
2014-12-15 12:17:39,678 INFO success: php5-fpm entered RUNNING state, process has stayed up for > than 1 seconds (startsecs)
2014-12-15 12:18:59,076 WARN received SIGINT indicating exit request
2014-12-15 12:18:59,076 INFO waiting for nginx, php5-fpm to die
2014-12-15 12:18:59,083 INFO stopped: php5-fpm (exit status 0)
2014-12-15 12:18:59,085 INFO stopped: nginx (exit status 0)
2014-12-15 12:19:01,067 CRIT Supervisor running as root (no user in config file)
2014-12-15 12:19:01,068 INFO supervisord started with pid 8
2014-12-15 12:19:01,891 INFO spawned: 'nginx' with pid 11
2014-12-15 12:19:01,892 INFO spawned: 'php5-fpm' with pid 12
2014-12-15 12:19:01,893 WARN received SIGINT indicating exit request
2014-12-15 12:19:01,893 INFO waiting for nginx, php5-fpm to die
2014-12-15 12:19:02,916 INFO success: nginx entered RUNNING state, process has stayed up for > than 1 seconds (startsecs)
2014-12-15 12:19:02,916 WARN received SIGINT indicating exit request
2014-12-15 12:19:03,980 WARN received SIGINT indicating exit request
2014-12-15 12:19:04,444 WARN received SIGINT indicating exit request
2014-12-15 12:19:04,610 WARN received SIGINT indicating exit request
2014-12-15 12:19:04,754 WARN received SIGINT indicating exit request
2014-12-15 12:19:04,962 WARN received SIGINT indicating exit request
2014-12-15 12:19:04,962 INFO waiting for nginx, php5-fpm to die
2014-12-15 12:19:05,130 WARN received SIGINT indicating exit request
2014-12-15 12:19:05,762 WARN received SIGINT indicating exit request
2014-12-15 12:19:07,187 WARN received SIGINT indicating exit request
2014-12-15 12:19:07,372 WARN received SIGINT indicating exit request
2014-12-15 12:19:07,740 WARN received SIGINT indicating exit request
2014-12-15 12:19:08,741 INFO waiting for nginx, php5-fpm to die
2014-12-15 12:19:11,744 INFO waiting for nginx, php5-fpm to die
2014-12-15 12:19:12,468 WARN killing 'php5-fpm' (12) with SIGKILL
2014-12-15 12:19:12,468 WARN received SIGINT indicating exit request
2014-12-15 12:19:12,470 INFO stopped: php5-fpm (terminated by SIGKILL)
2014-12-15 12:19:12,473 INFO stopped: nginx (exit status 0)
2014-12-15 12:19:28,099 CRIT Supervisor running as root (no user in config file)
2014-12-15 12:19:28,101 INFO supervisord started with pid 7
2014-12-15 12:19:29,102 INFO spawned: 'nginx' with pid 10
2014-12-15 12:19:29,103 INFO spawned: 'php5-fpm' with pid 11
2014-12-15 12:19:30,130 INFO success: nginx entered RUNNING state, process has stayed up for > than 1 seconds (startsecs)
2014-12-15 12:19:30,130 INFO success: php5-fpm entered RUNNING state, process has stayed up for > than 1 seconds (startsecs)
2014-12-15 12:20:31,658 WARN received SIGINT indicating exit request
2014-12-15 12:20:31,658 INFO waiting for nginx, php5-fpm to die
2014-12-15 12:20:31,664 INFO stopped: php5-fpm (exit status 0)
2014-12-15 12:20:31,668 INFO stopped: nginx (exit status 0)
2014-12-15 12:21:14,657 CRIT Supervisor running as root (no user in config file)
2014-12-15 12:21:14,658 INFO supervisord started with pid 7
2014-12-15 12:21:15,661 INFO spawned: 'nginx' with pid 10
2014-12-15 12:21:15,663 INFO spawned: 'php5-fpm' with pid 11
2014-12-15 12:21:16,686 INFO success: nginx entered RUNNING state, process has stayed up for > than 1 seconds (startsecs)
2014-12-15 12:21:16,686 INFO success: php5-fpm entered RUNNING state, process has stayed up for > than 1 seconds (startsecs)
2014-12-15 12:24:47,746 WARN received SIGINT indicating exit request
2014-12-15 12:24:47,746 INFO waiting for nginx, php5-fpm to die
2014-12-15 12:24:47,750 INFO stopped: php5-fpm (exit status 0)
2014-12-15 12:24:47,754 INFO stopped: nginx (exit status 0)
2015-01-06 07:56:03,562 CRIT Supervisor running as root (no user in config file)
2015-01-06 07:56:03,564 INFO supervisord started with pid 9
2015-01-06 07:56:04,566 INFO spawned: 'nginx' with pid 12
2015-01-06 07:56:04,567 INFO spawned: 'php5-fpm' with pid 13
2015-01-06 07:56:05,587 INFO success: nginx entered RUNNING state, process has stayed up for > than 1 seconds (startsecs)
2015-01-06 07:56:05,587 INFO success: php5-fpm entered RUNNING state, process has stayed up for > than 1 seconds (startsecs)
2015-01-06 07:56:53,222 WARN received SIGINT indicating exit request
2015-01-06 07:56:53,222 INFO waiting for nginx, php5-fpm to die
2015-01-06 07:56:53,225 INFO stopped: php5-fpm (exit status 0)
2015-01-06 07:56:53,226 INFO stopped: nginx (exit status 0)
2015-01-06 07:59:05,935 CRIT Supervisor running as root (no user in config file)
2015-01-06 07:59:05,952 INFO supervisord started with pid 12
2015-01-06 07:59:06,955 INFO spawned: 'nginx' with pid 15
2015-01-06 07:59:06,956 INFO spawned: 'php5-fpm' with pid 16
2015-01-06 07:59:07,973 INFO success: nginx entered RUNNING state, process has stayed up for > than 1 seconds (startsecs)
2015-01-06 07:59:07,973 INFO success: php5-fpm entered RUNNING state, process has stayed up for > than 1 seconds (startsecs)
2015-01-06 08:01:58,887 WARN received SIGINT indicating exit request
2015-01-06 08:01:58,887 INFO waiting for nginx, php5-fpm to die
2015-01-06 08:01:58,893 INFO stopped: php5-fpm (exit status 0)
2015-01-06 08:01:58,897 INFO stopped: nginx (exit status 0)
2015-01-06 08:02:08,140 CRIT Supervisor running as root (no user in config file)
2015-01-06 08:02:08,142 INFO supervisord started with pid 12
2015-01-06 08:02:09,144 INFO spawned: 'nginx' with pid 15
2015-01-06 08:02:09,147 INFO spawned: 'php5-fpm' with pid 16
2015-01-06 08:02:10,169 INFO success: nginx entered RUNNING state, process has stayed up for > than 1 seconds (startsecs)
2015-01-06 08:02:10,169 INFO success: php5-fpm entered RUNNING state, process has stayed up for > than 1 seconds (startsecs)
2015-01-06 08:05:24,512 WARN received SIGINT indicating exit request
2015-01-06 08:05:24,513 INFO waiting for nginx, php5-fpm to die
2015-01-06 08:05:24,521 INFO stopped: php5-fpm (exit status 0)
2015-01-06 08:05:24,523 INFO stopped: nginx (exit status 0)
2015-01-06 08:05:33,985 CRIT Supervisor running as root (no user in config file)
2015-01-06 08:05:33,986 INFO supervisord started with pid 8
2015-01-06 08:05:34,989 INFO spawned: 'nginx' with pid 11
2015-01-06 08:05:34,991 INFO spawned: 'php5-fpm' with pid 12
2015-01-06 08:05:36,015 INFO success: nginx entered RUNNING state, process has stayed up for > than 1 seconds (startsecs)
2015-01-06 08:05:36,015 INFO success: php5-fpm entered RUNNING state, process has stayed up for > than 1 seconds (startsecs)
2015-01-06 08:08:00,991 WARN received SIGINT indicating exit request
2015-01-06 08:08:00,991 INFO waiting for nginx, php5-fpm to die
2015-01-06 08:08:00,996 INFO stopped: php5-fpm (exit status 0)
2015-01-06 08:08:00,998 INFO stopped: nginx (exit status 0)
2015-01-06 08:08:09,990 CRIT Supervisor running as root (no user in config file)
2015-01-06 08:08:09,991 INFO supervisord started with pid 7
2015-01-06 08:08:10,993 INFO spawned: 'nginx' with pid 10
2015-01-06 08:08:10,994 INFO spawned: 'php5-fpm' with pid 11
2015-01-06 08:08:12,014 INFO success: nginx entered RUNNING state, process has stayed up for > than 1 seconds (startsecs)
2015-01-06 08:08:12,014 INFO success: php5-fpm entered RUNNING state, process has stayed up for > than 1 seconds (startsecs)
2015-01-06 08:08:23,841 WARN received SIGINT indicating exit request
2015-01-06 08:08:23,841 INFO waiting for nginx, php5-fpm to die
2015-01-06 08:08:23,847 INFO stopped: php5-fpm (exit status 0)
2015-01-06 08:08:23,850 INFO stopped: nginx (exit status 0)
2015-01-06 08:12:42,481 CRIT Supervisor running as root (no user in config file)
2015-01-06 08:12:42,483 INFO supervisord started with pid 8
2015-01-06 08:12:43,485 INFO spawned: 'nginx' with pid 11
2015-01-06 08:12:43,487 INFO spawned: 'php5-fpm' with pid 12
2015-01-06 08:12:44,511 INFO success: nginx entered RUNNING state, process has stayed up for > than 1 seconds (startsecs)
2015-01-06 08:12:44,511 INFO success: php5-fpm entered RUNNING state, process has stayed up for > than 1 seconds (startsecs)
2015-01-06 08:17:26,569 WARN received SIGINT indicating exit request
2015-01-06 08:17:26,570 INFO waiting for nginx, php5-fpm to die
2015-01-06 08:17:26,577 INFO stopped: php5-fpm (exit status 0)
2015-01-06 08:17:26,579 INFO stopped: nginx (exit status 0)
2015-01-06 08:17:27,571 CRIT Supervisor running as root (no user in config file)
2015-01-06 08:17:27,573 INFO supervisord started with pid 7
2015-01-06 08:17:28,521 INFO spawned: 'nginx' with pid 10
2015-01-06 08:17:28,522 INFO spawned: 'php5-fpm' with pid 11
2015-01-06 08:17:28,522 WARN received SIGINT indicating exit request
2015-01-06 08:17:28,522 INFO waiting for nginx, php5-fpm to die
2015-01-06 08:17:29,543 INFO success: nginx entered RUNNING state, process has stayed up for > than 1 seconds (startsecs)
2015-01-06 08:17:29,759 WARN received SIGINT indicating exit request
2015-01-06 08:17:31,145 WARN received SIGINT indicating exit request
2015-01-06 08:17:32,024 WARN received SIGINT indicating exit request
2015-01-06 08:17:32,024 INFO waiting for nginx, php5-fpm to die
2015-01-06 08:17:33,137 WARN received SIGINT indicating exit request
2015-01-06 08:17:33,897 WARN received SIGINT indicating exit request
2015-01-06 08:17:35,900 INFO waiting for nginx, php5-fpm to die
2015-01-06 08:17:38,903 WARN killing 'php5-fpm' (11) with SIGKILL
2015-01-06 08:17:38,904 INFO waiting for nginx, php5-fpm to die
2015-01-06 08:17:38,905 INFO stopped: php5-fpm (terminated by SIGKILL)
2015-01-06 08:17:38,908 INFO stopped: nginx (exit status 0)
2015-01-06 08:17:51,471 CRIT Supervisor running as root (no user in config file)
2015-01-06 08:17:51,473 INFO supervisord started with pid 11
2015-01-06 08:17:52,474 INFO spawned: 'nginx' with pid 14
2015-01-06 08:17:52,475 INFO spawned: 'php5-fpm' with pid 15
2015-01-06 08:17:53,504 INFO success: nginx entered RUNNING state, process has stayed up for > than 1 seconds (startsecs)
2015-01-06 08:17:53,504 INFO success: php5-fpm entered RUNNING state, process has stayed up for > than 1 seconds (startsecs)
2015-01-06 08:19:55,824 WARN received SIGINT indicating exit request
2015-01-06 08:19:55,824 INFO waiting for nginx, php5-fpm to die
2015-01-06 08:19:55,828 INFO stopped: php5-fpm (exit status 0)
2015-01-06 08:19:55,831 INFO stopped: nginx (exit status 0)
2015-01-06 08:20:04,515 CRIT Supervisor running as root (no user in config file)
2015-01-06 08:20:04,516 INFO supervisord started with pid 8
2015-01-06 08:20:05,519 INFO spawned: 'nginx' with pid 11
2015-01-06 08:20:05,521 INFO spawned: 'php5-fpm' with pid 12
2015-01-06 08:20:05,539 INFO exited: nginx (exit status 1; not expected)
2015-01-06 08:20:06,549 INFO spawned: 'nginx' with pid 15
2015-01-06 08:20:06,550 INFO success: php5-fpm entered RUNNING state, process has stayed up for > than 1 seconds (startsecs)
2015-01-06 08:20:06,564 INFO exited: nginx (exit status 1; not expected)
2015-01-06 08:20:08,568 INFO spawned: 'nginx' with pid 16
2015-01-06 08:20:08,588 INFO exited: nginx (exit status 1; not expected)
2015-01-06 08:20:11,593 INFO spawned: 'nginx' with pid 17
2015-01-06 08:20:11,610 INFO exited: nginx (exit status 1; not expected)
2015-01-06 08:20:12,611 INFO gave up: nginx entered FATAL state, too many start retries too quickly
2015-01-06 08:20:17,263 WARN received SIGINT indicating exit request
2015-01-06 08:20:17,263 INFO waiting for php5-fpm to die
2015-01-06 08:20:17,267 INFO stopped: php5-fpm (exit status 0)
2015-01-06 08:20:18,213 CRIT Supervisor running as root (no user in config file)
2015-01-06 08:20:18,214 INFO supervisord started with pid 11
2015-01-06 08:20:19,217 INFO spawned: 'nginx' with pid 14
2015-01-06 08:20:19,219 INFO spawned: 'php5-fpm' with pid 15
2015-01-06 08:20:19,230 INFO exited: nginx (exit status 1; not expected)
2015-01-06 08:20:20,243 INFO spawned: 'nginx' with pid 18
2015-01-06 08:20:20,244 INFO success: php5-fpm entered RUNNING state, process has stayed up for > than 1 seconds (startsecs)
2015-01-06 08:20:20,263 INFO exited: nginx (exit status 1; not expected)
2015-01-06 08:20:22,267 INFO spawned: 'nginx' with pid 19
2015-01-06 08:20:22,290 INFO exited: nginx (exit status 1; not expected)
2015-01-06 08:20:25,295 INFO spawned: 'nginx' with pid 20
2015-01-06 08:20:25,310 INFO exited: nginx (exit status 1; not expected)
2015-01-06 08:20:26,312 INFO gave up: nginx entered FATAL state, too many start retries too quickly
2015-01-06 08:20:30,143 WARN received SIGINT indicating exit request
2015-01-06 08:20:30,143 INFO waiting for php5-fpm to die
2015-01-06 08:20:30,146 INFO stopped: php5-fpm (exit status 0)
2015-01-06 08:21:28,505 CRIT Supervisor running as root (no user in config file)
2015-01-06 08:21:28,507 INFO supervisord started with pid 7
2015-01-06 08:21:29,510 INFO spawned: 'nginx' with pid 10
2015-01-06 08:21:29,512 INFO spawned: 'php5-fpm' with pid 11
2015-01-06 08:21:30,536 INFO success: nginx entered RUNNING state, process has stayed up for > than 1 seconds (startsecs)
2015-01-06 08:21:30,536 INFO success: php5-fpm entered RUNNING state, process has stayed up for > than 1 seconds (startsecs)
2015-01-06 08:26:33,258 WARN received SIGINT indicating exit request
2015-01-06 08:26:33,258 INFO waiting for nginx, php5-fpm to die
2015-01-06 08:26:33,263 INFO stopped: php5-fpm (exit status 0)
2015-01-06 08:26:33,265 INFO stopped: nginx (exit status 0)
2015-01-06 08:26:47,519 CRIT Supervisor running as root (no user in config file)
2015-01-06 08:26:47,521 INFO supervisord started with pid 13
2015-01-06 08:26:48,523 INFO spawned: 'nginx' with pid 16
2015-01-06 08:26:48,526 INFO spawned: 'php5-fpm' with pid 17
2015-01-06 08:26:49,554 INFO success: nginx entered RUNNING state, process has stayed up for > than 1 seconds (startsecs)
2015-01-06 08:26:49,554 INFO success: php5-fpm entered RUNNING state, process has stayed up for > than 1 seconds (startsecs)
2015-01-06 08:30:50,154 WARN received SIGINT indicating exit request
2015-01-06 08:30:50,155 INFO waiting for nginx, php5-fpm to die
2015-01-06 08:30:50,159 INFO stopped: php5-fpm (exit status 0)
2015-01-06 08:30:50,161 INFO stopped: nginx (exit status 0)
2015-01-06 08:30:58,803 CRIT Supervisor running as root (no user in config file)
2015-01-06 08:30:58,805 INFO supervisord started with pid 7
2015-01-06 08:30:59,806 INFO spawned: 'nginx' with pid 10
2015-01-06 08:30:59,807 INFO spawned: 'php5-fpm' with pid 11
2015-01-06 08:31:00,823 INFO success: nginx entered RUNNING state, process has stayed up for > than 1 seconds (startsecs)
2015-01-06 08:31:00,823 INFO success: php5-fpm entered RUNNING state, process has stayed up for > than 1 seconds (startsecs)
2015-01-06 08:32:03,786 WARN received SIGINT indicating exit request
2015-01-06 08:32:03,787 INFO waiting for nginx, php5-fpm to die
2015-01-06 08:32:03,792 INFO stopped: php5-fpm (exit status 0)
2015-01-06 08:32:03,794 INFO stopped: nginx (exit status 0)
2015-01-06 08:32:14,223 CRIT Supervisor running as root (no user in config file)
2015-01-06 08:32:14,225 INFO supervisord started with pid 11
2015-01-06 08:32:15,228 INFO spawned: 'nginx' with pid 14
2015-01-06 08:32:15,230 INFO spawned: 'php5-fpm' with pid 15
2015-01-06 08:32:16,254 INFO success: nginx entered RUNNING state, process has stayed up for > than 1 seconds (startsecs)
2015-01-06 08:32:16,254 INFO success: php5-fpm entered RUNNING state, process has stayed up for > than 1 seconds (startsecs)
2015-01-06 08:34:13,482 WARN received SIGINT indicating exit request
2015-01-06 08:34:13,483 INFO waiting for nginx, php5-fpm to die
2015-01-06 08:34:13,487 INFO stopped: php5-fpm (exit status 0)
2015-01-06 08:34:13,489 INFO stopped: nginx (exit status 0)
2015-01-06 08:34:24,049 CRIT Supervisor running as root (no user in config file)
2015-01-06 08:34:24,051 INFO supervisord started with pid 9
2015-01-06 08:34:25,053 INFO spawned: 'nginx' with pid 12
2015-01-06 08:34:25,056 INFO spawned: 'php5-fpm' with pid 13
2015-01-06 08:34:26,081 INFO success: nginx entered RUNNING state, process has stayed up for > than 1 seconds (startsecs)
2015-01-06 08:34:26,081 INFO success: php5-fpm entered RUNNING state, process has stayed up for > than 1 seconds (startsecs)
2015-01-06 08:37:29,641 WARN received SIGINT indicating exit request
2015-01-06 08:37:29,641 INFO waiting for nginx, php5-fpm to die
2015-01-06 08:37:29,647 INFO stopped: php5-fpm (exit status 0)
2015-01-06 08:37:29,648 INFO stopped: nginx (exit status 0)
2015-01-06 08:37:41,313 CRIT Supervisor running as root (no user in config file)
2015-01-06 08:37:41,314 INFO supervisord started with pid 7
2015-01-06 08:37:42,317 INFO spawned: 'nginx' with pid 10
2015-01-06 08:37:42,319 INFO spawned: 'php5-fpm' with pid 11
2015-01-06 08:37:43,339 INFO success: nginx entered RUNNING state, process has stayed up for > than 1 seconds (startsecs)
2015-01-06 08:37:43,339 INFO success: php5-fpm entered RUNNING state, process has stayed up for > than 1 seconds (startsecs)
2015-01-06 08:40:03,931 WARN received SIGINT indicating exit request
2015-01-06 08:40:03,931 INFO waiting for nginx, php5-fpm to die
2015-01-06 08:40:03,935 INFO stopped: php5-fpm (exit status 0)
2015-01-06 08:40:03,937 INFO stopped: nginx (exit status 0)
2015-01-06 08:40:15,115 CRIT Supervisor running as root (no user in config file)
2015-01-06 08:40:15,116 INFO supervisord started with pid 7
2015-01-06 08:40:16,119 INFO spawned: 'nginx' with pid 10
2015-01-06 08:40:16,122 INFO spawned: 'php5-fpm' with pid 11
2015-01-06 08:40:17,144 INFO success: nginx entered RUNNING state, process has stayed up for > than 1 seconds (startsecs)
2015-01-06 08:40:17,144 INFO success: php5-fpm entered RUNNING state, process has stayed up for > than 1 seconds (startsecs)
2015-01-06 08:41:29,587 WARN received SIGINT indicating exit request
2015-01-06 08:41:29,587 INFO waiting for nginx, php5-fpm to die
2015-01-06 08:41:29,593 INFO stopped: php5-fpm (exit status 0)
2015-01-06 08:41:29,597 INFO stopped: nginx (exit status 0)
2015-01-06 08:41:49,843 CRIT Supervisor running as root (no user in config file)
2015-01-06 08:41:49,845 INFO supervisord started with pid 7
2015-01-06 08:41:50,846 INFO spawned: 'nginx' with pid 10
2015-01-06 08:41:50,847 INFO spawned: 'php5-fpm' with pid 11
2015-01-06 08:41:51,876 INFO success: nginx entered RUNNING state, process has stayed up for > than 1 seconds (startsecs)
2015-01-06 08:41:51,876 INFO success: php5-fpm entered RUNNING state, process has stayed up for > than 1 seconds (startsecs)
2015-01-06 08:43:40,627 WARN received SIGINT indicating exit request
2015-01-06 08:43:40,627 INFO waiting for nginx, php5-fpm to die
2015-01-06 08:43:40,635 INFO stopped: php5-fpm (exit status 0)
2015-01-06 08:43:40,639 INFO stopped: nginx (exit status 0)
2015-01-06 08:43:52,143 CRIT Supervisor running as root (no user in config file)
2015-01-06 08:43:52,145 INFO supervisord started with pid 8
2015-01-06 08:43:53,146 INFO spawned: 'nginx' with pid 11
2015-01-06 08:43:53,147 INFO spawned: 'php5-fpm' with pid 12
2015-01-06 08:43:54,170 INFO success: nginx entered RUNNING state, process has stayed up for > than 1 seconds (startsecs)
2015-01-06 08:43:54,171 INFO success: php5-fpm entered RUNNING state, process has stayed up for > than 1 seconds (startsecs)
2015-01-06 08:45:11,547 WARN received SIGINT indicating exit request
2015-01-06 08:45:11,547 INFO waiting for nginx, php5-fpm to die
2015-01-06 08:45:11,557 INFO stopped: php5-fpm (exit status 0)
2015-01-06 08:45:11,558 INFO stopped: nginx (exit status 0)
2015-01-06 08:45:23,350 CRIT Supervisor running as root (no user in config file)
2015-01-06 08:45:23,351 INFO supervisord started with pid 9
2015-01-06 08:45:24,354 INFO spawned: 'nginx' with pid 12
2015-01-06 08:45:24,357 INFO spawned: 'php5-fpm' with pid 13
2015-01-06 08:45:25,378 INFO success: nginx entered RUNNING state, process has stayed up for > than 1 seconds (startsecs)
2015-01-06 08:45:25,378 INFO success: php5-fpm entered RUNNING state, process has stayed up for > than 1 seconds (startsecs)
2015-01-06 08:45:30,491 WARN received SIGINT indicating exit request
2015-01-06 08:45:30,491 INFO waiting for nginx, php5-fpm to die
2015-01-06 08:45:30,500 INFO stopped: php5-fpm (exit status 0)
2015-01-06 08:45:30,504 INFO stopped: nginx (exit status 0)
2015-01-06 09:00:48,555 CRIT Supervisor running as root (no user in config file)
2015-01-06 09:00:48,556 INFO supervisord started with pid 7
2015-01-06 09:00:49,559 INFO spawned: 'nginx' with pid 10
2015-01-06 09:00:49,562 INFO spawned: 'php5-fpm' with pid 11
2015-01-06 09:00:50,585 INFO success: nginx entered RUNNING state, process has stayed up for > than 1 seconds (startsecs)
2015-01-06 09:00:50,585 INFO success: php5-fpm entered RUNNING state, process has stayed up for > than 1 seconds (startsecs)
2015-01-06 09:01:43,100 WARN received SIGINT indicating exit request
2015-01-06 09:01:43,100 INFO waiting for nginx, php5-fpm to die
2015-01-06 09:01:43,107 INFO stopped: php5-fpm (exit status 0)
2015-01-06 09:01:43,110 INFO stopped: nginx (exit status 0)
2015-01-06 09:01:53,223 CRIT Supervisor running as root (no user in config file)
2015-01-06 09:01:53,225 INFO supervisord started with pid 9
2015-01-06 09:01:54,227 INFO spawned: 'nginx' with pid 12
2015-01-06 09:01:54,228 INFO spawned: 'php5-fpm' with pid 13
2015-01-06 09:01:55,245 INFO success: nginx entered RUNNING state, process has stayed up for > than 1 seconds (startsecs)
2015-01-06 09:01:55,245 INFO success: php5-fpm entered RUNNING state, process has stayed up for > than 1 seconds (startsecs)
2015-01-06 09:05:57,898 WARN received SIGINT indicating exit request
2015-01-06 09:05:57,898 INFO waiting for nginx, php5-fpm to die
2015-01-06 09:05:57,901 INFO stopped: php5-fpm (exit status 0)
2015-01-06 09:05:57,902 INFO stopped: nginx (exit status 0)
2015-01-06 09:08:19,470 CRIT Supervisor running as root (no user in config file)
2015-01-06 09:08:19,472 INFO supervisord started with pid 7
2015-01-06 09:08:20,475 INFO spawned: 'nginx' with pid 10
2015-01-06 09:08:20,477 INFO spawned: 'php5-fpm' with pid 11
2015-01-06 09:08:21,505 INFO success: nginx entered RUNNING state, process has stayed up for > than 1 seconds (startsecs)
2015-01-06 09:08:21,505 INFO success: php5-fpm entered RUNNING state, process has stayed up for > than 1 seconds (startsecs)
2015-01-06 09:12:44,507 WARN received SIGINT indicating exit request
2015-01-06 09:12:44,507 INFO waiting for nginx, php5-fpm to die
2015-01-06 09:12:44,510 INFO stopped: php5-fpm (exit status 0)
2015-01-06 09:12:44,512 INFO stopped: nginx (exit status 0)
2015-01-06 09:12:58,035 CRIT Supervisor running as root (no user in config file)
2015-01-06 09:12:58,036 INFO supervisord started with pid 14
2015-01-06 09:12:59,038 INFO spawned: 'nginx' with pid 17
2015-01-06 09:12:59,039 INFO spawned: 'php5-fpm' with pid 18
2015-01-06 09:13:00,060 INFO success: nginx entered RUNNING state, process has stayed up for > than 1 seconds (startsecs)
2015-01-06 09:13:00,060 INFO success: php5-fpm entered RUNNING state, process has stayed up for > than 1 seconds (startsecs)
2015-01-06 09:22:35,221 WARN received SIGINT indicating exit request
2015-01-06 09:22:35,222 INFO waiting for nginx, php5-fpm to die
2015-01-06 09:22:35,229 INFO stopped: php5-fpm (exit status 0)
2015-01-06 09:22:35,231 INFO stopped: nginx (exit status 0)
2015-01-06 09:22:46,941 CRIT Supervisor running as root (no user in config file)
2015-01-06 09:22:46,943 INFO supervisord started with pid 7
2015-01-06 09:22:47,945 INFO spawned: 'nginx' with pid 10
2015-01-06 09:22:47,946 INFO spawned: 'php5-fpm' with pid 11
2015-01-06 09:22:48,965 INFO success: nginx entered RUNNING state, process has stayed up for > than 1 seconds (startsecs)
2015-01-06 09:22:48,966 INFO success: php5-fpm entered RUNNING state, process has stayed up for > than 1 seconds (startsecs)
2015-01-06 09:23:16,659 WARN received SIGINT indicating exit request
2015-01-06 09:23:16,660 INFO waiting for nginx, php5-fpm to die
2015-01-06 09:23:16,663 INFO stopped: php5-fpm (exit status 0)
2015-01-06 09:23:16,668 INFO stopped: nginx (exit status 0)
